<?xml version="1.0" encoding="UTF-8"?>
<!-- Generated by org.testng.reporters.JUnitXMLReporter -->
<testsuite ignored="0" hostname="DESKTOP-I9VHKA5" failures="0" tests="1" name="Test-Runner-Chrome" time="51.946" errors="0" timestamp="2023-01-11T13:56:40 IST">
  <testcase classname="vTiger.OrganizationsTests.CreateOrganizationTest" name="createOrgTest" time="17.125"/>
</testsuite> <!-- Test-Runner-Chrome -->
