<?xml version="1.0" encoding="UTF-8"?>
<!-- Generated by org.testng.reporters.JUnitReportReporter -->
<testsuite hostname="DESKTOP-I9VHKA5" failures="0" tests="2" name="vTiger.ContactsTests.CreateContactWithOrganizationTest" time="38.198" errors="0" timestamp="2023-01-25T11:55:53 IST" skipped="0">
  <testcase classname="vTiger.ContactsTests.CreateContactWithOrganizationTest" name="createContactWithOrgTest" time="33.196"/>
  <system-out>
    <![CDATA[Organization is clicked
Create organization look up image is clicked
Organization is created with Wipro707
Contacts link is clicked
Create Contacts loop up image is clicked
New Contact with organization is created ->Chaitra]]>
  </system-out>
  <testcase classname="vTiger.ContactsTests.CreateContactWithOrganizationTest" name="DemoTest" time="5.002"/>
  <system-out/>
</testsuite> <!-- vTiger.ContactsTests.CreateContactWithOrganizationTest -->
