<?xml version="1.0" encoding="UTF-8"?>
<!-- Generated by org.testng.reporters.JUnitReportReporter -->
<testsuite hostname="TYSS-Chaithra" failures="0" tests="1" name="vTiger.Practice.SampleJDBCExecuteQuery" time="0.393" errors="0" timestamp="2023-01-06T17:02:22 IST" skipped="0">
  <testcase classname="vTiger.Practice.SampleJDBCExecuteQuery" name="sampleExecuteQuqery" time="0.393"/>
  <system-out/>
</testsuite> <!-- vTiger.Practice.SampleJDBCExecuteQuery -->
