<?xml version="1.0" encoding="UTF-8"?>
<!-- Generated by org.testng.reporters.JUnitReportReporter -->
<testsuite hostname="DESKTOP-I9VHKA5" failures="0" tests="1" name="vTiger.Practice.SampleJDBCPractice" time="0.889" errors="0" timestamp="2023-01-06T19:27:11 IST" skipped="0">
  <testcase classname="vTiger.Practice.SampleJDBCPractice" name="SampleExcecutorScript" time="0.889"/>
  <system-out/>
</testsuite> <!-- vTiger.Practice.SampleJDBCPractice -->
