<?xml version="1.0" encoding="UTF-8"?>
<!-- Generated by org.testng.reporters.JUnitReportReporter -->
<testsuite hostname="DESKTOP-I9VHKA5" failures="0" tests="2" name="vTiger.OrganizationsTests.CreateOrganizationTest" time="50.664" errors="0" timestamp="2023-01-11T13:56:40 IST" skipped="0">
  <testcase classname="vTiger.OrganizationsTests.CreateOrganizationTest" name="createOrgTest" time="26.898"/>
  <system-out/>
  <testcase classname="vTiger.OrganizationsTests.CreateOrganizationTest" name="createOrgTest" time="23.766"/>
  <system-out/>
</testsuite> <!-- vTiger.OrganizationsTests.CreateOrganizationTest -->
