<?xml version="1.0" encoding="UTF-8"?>
<!-- Generated by org.testng.reporters.JUnitReportReporter -->
<testsuite hostname="DESKTOP-I9VHKA5" failures="0" tests="1" name="vTiger.Practice.ReadDataFromCmdLine" time="0.016" errors="0" timestamp="2022-12-22T18:24:54 IST" skipped="0">
  <testcase classname="vTiger.Practice.ReadDataFromCmdLine" name="readData" time="0.016"/>
  <system-out/>
</testsuite> <!-- vTiger.Practice.ReadDataFromCmdLine -->
