<?xml version="1.0" encoding="UTF-8"?>
<!-- Generated by org.testng.reporters.JUnitReportReporter -->
<testsuite hostname="TYSS-Chaithra" failures="0" tests="1" name="vTiger.Practice.SampleJDBCExecuteUpdate" time="0.412" errors="0" timestamp="2023-01-06T16:57:36 IST" skipped="0">
  <testcase classname="vTiger.Practice.SampleJDBCExecuteUpdate" name="sampleExecuteUpdate" time="0.412"/>
  <system-out/>
</testsuite> <!-- vTiger.Practice.SampleJDBCExecuteUpdate -->
